/jet/home/ajmera/.conda/envs/CPET_ENV/bin/cpet.py:4: DeprecationWarning: pkg_resources is deprecated as an API. See https://setuptools.pypa.io/en/latest/pkg_resources.html
  __import__('pkg_resources').require('pycpet==0.0.1')
No x specified, calculating in input file reference frame. Ignoring y...
Not computing y since x is not specified
filtering by radius: 40 Ang
(76901, 3)
(76901, 1)
(76901,)
(76901,)
radius filter leaves: 27363
Not rotating coordinates since no y-vector is provided
... > Initialized Calculator!
protein file: 1_alcdehydro_run1
... > Computing Point Field!
Number of charges: 27363
point: [44.029    30.8975   41.738503]
x shape: (27363, 3)
Q shape: (27363, 1)
First few lines of x: [[-10.156998   9.716499 -31.765503]
 [-10.960999   9.6605   -32.374504]
 [ -9.661999  10.495502 -32.173504]
 [ -9.583      8.886501 -31.802502]
 [-10.556999  10.003502 -30.355503]]
0.5108616352081299
No x specified, calculating in input file reference frame. Ignoring y...
Not computing y since x is not specified
filtering by radius: 40 Ang
(76901, 3)
(76901, 1)
(76901,)
(76901,)
radius filter leaves: 27196
Not rotating coordinates since no y-vector is provided
... > Initialized Calculator!
protein file: 2_alcdehydro_run1
... > Computing Point Field!
Number of charges: 27196
point: [44.163498 30.2825   42.077   ]
x shape: (27196, 3)
Q shape: (27196, 1)
First few lines of x: [[ -7.8774986  11.7955    -31.932999 ]
 [ -7.5634995  12.685499  -32.291    ]
 [ -7.1084976  11.1425    -31.881    ]
 [ -8.553497   11.4135    -32.579    ]
 [ -8.526497   11.964502  -30.612999 ]]
0.0008716583251953125
